2025-03-28 20:42:11,786 - INFO - 🚀 Бот запущен...
2025-03-28 20:42:16,986 - INFO - HTTP Request: POST https://api.telegram.org/bot7842539374:AAGuHhEgAcS6dAHKvCqEXjzVksgJD83fOkQ/getMe "HTTP/1.1 200 OK"
2025-03-28 20:42:17,199 - INFO - HTTP Request: POST https://api.telegram.org/bot7842539374:AAGuHhEgAcS6dAHKvCqEXjzVksgJD83fOkQ/deleteWebhook "HTTP/1.1 200 OK"
2025-03-28 20:42:17,201 - INFO - Application started
2025-03-28 20:42:27,944 - INFO - HTTP Request: POST https://api.telegram.org/bot7842539374:AAGuHhEgAcS6dAHKvCqEXjzVksgJD83fOkQ/getUpdates "HTTP/1.1 200 OK"
2025-03-28 20:42:38,306 - INFO - HTTP Request: POST https://api.telegram.org/bot7842539374:AAGuHhEgAcS6dAHKvCqEXjzVksgJD83fOkQ/getUpdates "HTTP/1.1 200 OK"
2025-03-28 20:42:48,547 - INFO - HTTP Request: POST https://api.telegram.org/bot7842539374:AAGuHhEgAcS6dAHKvCqEXjzVksgJD83fOkQ/getUpdates "HTTP/1.1 200 OK"
2025-03-28 20:42:58,785 - INFO - HTTP Request: POST https://api.telegram.org/bot7842539374:AAGuHhEgAcS6dAHKvCqEXjzVksgJD83fOkQ/getUpdates "HTTP/1.1 200 OK"
2025-03-28 20:43:09,026 - INFO - HTTP Request: POST https://api.telegram.org/bot7842539374:AAGuHhEgAcS6dAHKvCqEXjzVksgJD83fOkQ/getUpdates "HTTP/1.1 200 OK"
2025-03-28 20:43:19,294 - INFO - HTTP Request: POST https://api.telegram.org/bot7842539374:AAGuHhEgAcS6dAHKvCqEXjzVksgJD83fOkQ/getUpdates "HTTP/1.1 200 OK"
2025-03-28 20:43:29,569 - INFO - HTTP Request: POST https://api.telegram.org/bot7842539374:AAGuHhEgAcS6dAHKvCqEXjzVksgJD83fOkQ/getUpdates "HTTP/1.1 200 OK"
2025-03-28 20:43:39,820 - INFO - HTTP Request: POST https://api.telegram.org/bot7842539374:AAGuHhEgAcS6dAHKvCqEXjzVksgJD83fOkQ/getUpdates "HTTP/1.1 200 OK"
2025-03-28 20:43:50,052 - INFO - HTTP Request: POST https://api.telegram.org/bot7842539374:AAGuHhEgAcS6dAHKvCqEXjzVksgJD83fOkQ/getUpdates "HTTP/1.1 200 OK"
2025-03-28 20:44:00,292 - INFO - HTTP Request: POST https://api.telegram.org/bot7842539374:AAGuHhEgAcS6dAHKvCqEXjzVksgJD83fOkQ/getUpdates "HTTP/1.1 200 OK"
2025-03-28 20:44:10,555 - INFO - HTTP Request: POST https://api.telegram.org/bot7842539374:AAGuHhEgAcS6dAHKvCqEXjzVksgJD83fOkQ/getUpdates "HTTP/1.1 200 OK"
2025-03-28 20:44:20,793 - INFO - HTTP Request: POST https://api.telegram.org/bot7842539374:AAGuHhEgAcS6dAHKvCqEXjzVksgJD83fOkQ/getUpdates "HTTP/1.1 200 OK"
2025-03-28 20:44:31,357 - INFO - HTTP Request: POST https://api.telegram.org/bot7842539374:AAGuHhEgAcS6dAHKvCqEXjzVksgJD83fOkQ/getUpdates "HTTP/1.1 200 OK"
2025-03-28 20:44:41,603 - INFO - HTTP Request: POST https://api.telegram.org/bot7842539374:AAGuHhEgAcS6dAHKvCqEXjzVksgJD83fOkQ/getUpdates "HTTP/1.1 200 OK"
2025-03-28 20:44:52,184 - INFO - HTTP Request: POST https://api.telegram.org/bot7842539374:AAGuHhEgAcS6dAHKvCqEXjzVksgJD83fOkQ/getUpdates "HTTP/1.1 200 OK"
2025-03-28 20:44:56,980 - INFO - HTTP Request: POST https://api.telegram.org/bot7842539374:AAGuHhEgAcS6dAHKvCqEXjzVksgJD83fOkQ/getUpdates "HTTP/1.1 200 OK"
2025-03-28 20:44:58,562 - INFO - HTTP Request: POST https://api.telegram.org/bot7842539374:AAGuHhEgAcS6dAHKvCqEXjzVksgJD83fOkQ/sendMessage "HTTP/1.1 200 OK"
2025-03-28 20:45:07,891 - INFO - HTTP Request: POST https://api.telegram.org/bot7842539374:AAGuHhEgAcS6dAHKvCqEXjzVksgJD83fOkQ/getUpdates "HTTP/1.1 200 OK"
2025-03-28 20:45:18,112 - INFO - HTTP Request: POST https://api.telegram.org/bot7842539374:AAGuHhEgAcS6dAHKvCqEXjzVksgJD83fOkQ/getUpdates "HTTP/1.1 200 OK"
2025-03-28 20:45:18,714 - INFO - HTTP Request: POST https://api.telegram.org/bot7842539374:AAGuHhEgAcS6dAHKvCqEXjzVksgJD83fOkQ/getUpdates "HTTP/1.1 200 OK"
2025-03-28 20:45:22,131 - INFO - HTTP Request: POST https://api.telegram.org/bot7842539374:AAGuHhEgAcS6dAHKvCqEXjzVksgJD83fOkQ/sendMessage "HTTP/1.1 200 OK"
2025-03-28 20:45:30,287 - INFO - HTTP Request: POST https://api.telegram.org/bot7842539374:AAGuHhEgAcS6dAHKvCqEXjzVksgJD83fOkQ/getUpdates "HTTP/1.1 200 OK"
2025-03-28 20:45:40,502 - INFO - HTTP Request: POST https://api.telegram.org/bot7842539374:AAGuHhEgAcS6dAHKvCqEXjzVksgJD83fOkQ/getUpdates "HTTP/1.1 200 OK"
2025-03-28 20:45:44,093 - INFO - HTTP Request: POST https://api.telegram.org/bot7842539374:AAGuHhEgAcS6dAHKvCqEXjzVksgJD83fOkQ/getUpdates "HTTP/1.1 200 OK"
2025-03-28 20:45:46,456 - INFO - HTTP Request: POST https://api.telegram.org/bot7842539374:AAGuHhEgAcS6dAHKvCqEXjzVksgJD83fOkQ/sendMessage "HTTP/1.1 200 OK"
2025-03-28 20:45:54,804 - INFO - HTTP Request: POST https://api.telegram.org/bot7842539374:AAGuHhEgAcS6dAHKvCqEXjzVksgJD83fOkQ/getUpdates "HTTP/1.1 200 OK"
2025-03-28 20:46:05,047 - INFO - HTTP Request: POST https://api.telegram.org/bot7842539374:AAGuHhEgAcS6dAHKvCqEXjzVksgJD83fOkQ/getUpdates "HTTP/1.1 200 OK"
2025-03-28 20:46:08,810 - INFO - HTTP Request: POST https://api.telegram.org/bot7842539374:AAGuHhEgAcS6dAHKvCqEXjzVksgJD83fOkQ/getUpdates "HTTP/1.1 200 OK"
2025-03-28 20:46:11,033 - INFO - HTTP Request: POST https://api.telegram.org/bot7842539374:AAGuHhEgAcS6dAHKvCqEXjzVksgJD83fOkQ/sendMessage "HTTP/1.1 200 OK"
2025-03-28 20:46:20,387 - INFO - HTTP Request: POST https://api.telegram.org/bot7842539374:AAGuHhEgAcS6dAHKvCqEXjzVksgJD83fOkQ/getUpdates "HTTP/1.1 200 OK"
2025-03-28 20:46:30,625 - INFO - HTTP Request: POST https://api.telegram.org/bot7842539374:AAGuHhEgAcS6dAHKvCqEXjzVksgJD83fOkQ/getUpdates "HTTP/1.1 200 OK"
2025-03-28 20:46:40,864 - INFO - HTTP Request: POST https://api.telegram.org/bot7842539374:AAGuHhEgAcS6dAHKvCqEXjzVksgJD83fOkQ/getUpdates "HTTP/1.1 200 OK"
2025-03-28 20:46:51,121 - INFO - HTTP Request: POST https://api.telegram.org/bot7842539374:AAGuHhEgAcS6dAHKvCqEXjzVksgJD83fOkQ/getUpdates "HTTP/1.1 200 OK"
2025-03-28 20:47:01,675 - INFO - HTTP Request: POST https://api.telegram.org/bot7842539374:AAGuHhEgAcS6dAHKvCqEXjzVksgJD83fOkQ/getUpdates "HTTP/1.1 200 OK"
2025-03-28 20:47:11,914 - INFO - HTTP Request: POST https://api.telegram.org/bot7842539374:AAGuHhEgAcS6dAHKvCqEXjzVksgJD83fOkQ/getUpdates "HTTP/1.1 200 OK"
2025-03-28 20:47:22,162 - INFO - HTTP Request: POST https://api.telegram.org/bot7842539374:AAGuHhEgAcS6dAHKvCqEXjzVksgJD83fOkQ/getUpdates "HTTP/1.1 200 OK"
2025-03-28 20:47:32,406 - INFO - HTTP Request: POST https://api.telegram.org/bot7842539374:AAGuHhEgAcS6dAHKvCqEXjzVksgJD83fOkQ/getUpdates "HTTP/1.1 200 OK"
2025-03-28 20:47:42,662 - INFO - HTTP Request: POST https://api.telegram.org/bot7842539374:AAGuHhEgAcS6dAHKvCqEXjzVksgJD83fOkQ/getUpdates "HTTP/1.1 200 OK"
2025-03-28 20:47:52,901 - INFO - HTTP Request: POST https://api.telegram.org/bot7842539374:AAGuHhEgAcS6dAHKvCqEXjzVksgJD83fOkQ/getUpdates "HTTP/1.1 200 OK"
2025-03-28 20:48:03,136 - INFO - HTTP Request: POST https://api.telegram.org/bot7842539374:AAGuHhEgAcS6dAHKvCqEXjzVksgJD83fOkQ/getUpdates "HTTP/1.1 200 OK"
2025-03-28 20:48:13,365 - INFO - HTTP Request: POST https://api.telegram.org/bot7842539374:AAGuHhEgAcS6dAHKvCqEXjzVksgJD83fOkQ/getUpdates "HTTP/1.1 200 OK"
2025-03-28 20:48:23,631 - INFO - HTTP Request: POST https://api.telegram.org/bot7842539374:AAGuHhEgAcS6dAHKvCqEXjzVksgJD83fOkQ/getUpdates "HTTP/1.1 200 OK"
2025-03-28 20:48:33,855 - INFO - HTTP Request: POST https://api.telegram.org/bot7842539374:AAGuHhEgAcS6dAHKvCqEXjzVksgJD83fOkQ/getUpdates "HTTP/1.1 200 OK"
2025-03-28 20:48:44,081 - INFO - HTTP Request: POST https://api.telegram.org/bot7842539374:AAGuHhEgAcS6dAHKvCqEXjzVksgJD83fOkQ/getUpdates "HTTP/1.1 200 OK"
2025-03-28 20:48:54,319 - INFO - HTTP Request: POST https://api.telegram.org/bot7842539374:AAGuHhEgAcS6dAHKvCqEXjzVksgJD83fOkQ/getUpdates "HTTP/1.1 200 OK"
2025-03-28 20:49:04,565 - INFO - HTTP Request: POST https://api.telegram.org/bot7842539374:AAGuHhEgAcS6dAHKvCqEXjzVksgJD83fOkQ/getUpdates "HTTP/1.1 200 OK"
2025-03-28 20:49:14,804 - INFO - HTTP Request: POST https://api.telegram.org/bot7842539374:AAGuHhEgAcS6dAHKvCqEXjzVksgJD83fOkQ/getUpdates "HTTP/1.1 200 OK"
2025-03-28 20:49:25,069 - INFO - HTTP Request: POST https://api.telegram.org/bot7842539374:AAGuHhEgAcS6dAHKvCqEXjzVksgJD83fOkQ/getUpdates "HTTP/1.1 200 OK"
2025-03-28 20:49:35,450 - INFO - HTTP Request: POST https://api.telegram.org/bot7842539374:AAGuHhEgAcS6dAHKvCqEXjzVksgJD83fOkQ/getUpdates "HTTP/1.1 200 OK"
2025-03-28 20:49:45,707 - INFO - HTTP Request: POST https://api.telegram.org/bot7842539374:AAGuHhEgAcS6dAHKvCqEXjzVksgJD83fOkQ/getUpdates "HTTP/1.1 200 OK"
2025-03-28 20:49:56,023 - INFO - HTTP Request: POST https://api.telegram.org/bot7842539374:AAGuHhEgAcS6dAHKvCqEXjzVksgJD83fOkQ/getUpdates "HTTP/1.1 200 OK"
2025-03-28 20:50:06,293 - INFO - HTTP Request: POST https://api.telegram.org/bot7842539374:AAGuHhEgAcS6dAHKvCqEXjzVksgJD83fOkQ/getUpdates "HTTP/1.1 200 OK"
2025-03-28 20:50:16,630 - INFO - HTTP Request: POST https://api.telegram.org/bot7842539374:AAGuHhEgAcS6dAHKvCqEXjzVksgJD83fOkQ/getUpdates "HTTP/1.1 200 OK"
2025-03-28 20:50:27,025 - INFO - HTTP Request: POST https://api.telegram.org/bot7842539374:AAGuHhEgAcS6dAHKvCqEXjzVksgJD83fOkQ/getUpdates "HTTP/1.1 200 OK"
2025-03-28 20:50:37,426 - INFO - HTTP Request: POST https://api.telegram.org/bot7842539374:AAGuHhEgAcS6dAHKvCqEXjzVksgJD83fOkQ/getUpdates "HTTP/1.1 200 OK"
2025-03-28 20:50:47,764 - INFO - HTTP Request: POST https://api.telegram.org/bot7842539374:AAGuHhEgAcS6dAHKvCqEXjzVksgJD83fOkQ/getUpdates "HTTP/1.1 200 OK"
2025-03-28 20:50:58,070 - INFO - HTTP Request: POST https://api.telegram.org/bot7842539374:AAGuHhEgAcS6dAHKvCqEXjzVksgJD83fOkQ/getUpdates "HTTP/1.1 200 OK"
2025-03-28 20:51:08,451 - INFO - HTTP Request: POST https://api.telegram.org/bot7842539374:AAGuHhEgAcS6dAHKvCqEXjzVksgJD83fOkQ/getUpdates "HTTP/1.1 200 OK"
2025-03-28 20:51:18,799 - INFO - HTTP Request: POST https://api.telegram.org/bot7842539374:AAGuHhEgAcS6dAHKvCqEXjzVksgJD83fOkQ/getUpdates "HTTP/1.1 200 OK"
2025-03-28 20:51:29,111 - INFO - HTTP Request: POST https://api.telegram.org/bot7842539374:AAGuHhEgAcS6dAHKvCqEXjzVksgJD83fOkQ/getUpdates "HTTP/1.1 200 OK"
2025-03-28 20:51:39,587 - INFO - HTTP Request: POST https://api.telegram.org/bot7842539374:AAGuHhEgAcS6dAHKvCqEXjzVksgJD83fOkQ/getUpdates "HTTP/1.1 200 OK"
2025-03-28 20:51:44,602 - INFO - HTTP Request: POST https://api.telegram.org/bot7842539374:AAGuHhEgAcS6dAHKvCqEXjzVksgJD83fOkQ/getUpdates "HTTP/1.1 200 OK"
2025-03-28 20:51:52,075 - INFO - HTTP Request: POST https://api.telegram.org/bot7842539374:AAGuHhEgAcS6dAHKvCqEXjzVksgJD83fOkQ/sendMessage "HTTP/1.1 200 OK"
2025-03-28 20:51:59,613 - INFO - HTTP Request: POST https://api.telegram.org/bot7842539374:AAGuHhEgAcS6dAHKvCqEXjzVksgJD83fOkQ/getUpdates "HTTP/1.1 200 OK"
2025-03-28 20:52:11,029 - INFO - HTTP Request: POST https://api.telegram.org/bot7842539374:AAGuHhEgAcS6dAHKvCqEXjzVksgJD83fOkQ/getUpdates "HTTP/1.1 200 OK"
2025-03-28 20:52:11,418 - INFO - HTTP Request: POST https://api.telegram.org/bot7842539374:AAGuHhEgAcS6dAHKvCqEXjzVksgJD83fOkQ/getUpdates "HTTP/1.1 200 OK"
2025-03-28 20:52:12,501 - INFO - HTTP Request: POST https://api.telegram.org/bot7842539374:AAGuHhEgAcS6dAHKvCqEXjzVksgJD83fOkQ/sendMessage "HTTP/1.1 200 OK"
2025-03-28 20:52:21,954 - INFO - HTTP Request: POST https://api.telegram.org/bot7842539374:AAGuHhEgAcS6dAHKvCqEXjzVksgJD83fOkQ/getUpdates "HTTP/1.1 200 OK"
2025-03-28 20:52:32,514 - INFO - HTTP Request: POST https://api.telegram.org/bot7842539374:AAGuHhEgAcS6dAHKvCqEXjzVksgJD83fOkQ/getUpdates "HTTP/1.1 200 OK"
2025-03-28 20:52:33,352 - INFO - HTTP Request: POST https://api.telegram.org/bot7842539374:AAGuHhEgAcS6dAHKvCqEXjzVksgJD83fOkQ/getUpdates "HTTP/1.1 200 OK"
2025-03-28 20:52:38,441 - INFO - ✅ Утренний отчет отправлен.
2025-03-28 20:52:39,397 - INFO - HTTP Request: POST https://api.telegram.org/bot7842539374:AAGuHhEgAcS6dAHKvCqEXjzVksgJD83fOkQ/sendMessage "HTTP/1.1 200 OK"
2025-03-28 20:52:49,322 - INFO - HTTP Request: POST https://api.telegram.org/bot7842539374:AAGuHhEgAcS6dAHKvCqEXjzVksgJD83fOkQ/getUpdates "HTTP/1.1 200 OK"
2025-03-28 20:52:59,564 - INFO - HTTP Request: POST https://api.telegram.org/bot7842539374:AAGuHhEgAcS6dAHKvCqEXjzVksgJD83fOkQ/getUpdates "HTTP/1.1 200 OK"
2025-03-28 20:53:10,201 - INFO - HTTP Request: POST https://api.telegram.org/bot7842539374:AAGuHhEgAcS6dAHKvCqEXjzVksgJD83fOkQ/getUpdates "HTTP/1.1 200 OK"
2025-03-28 20:53:20,453 - INFO - HTTP Request: POST https://api.telegram.org/bot7842539374:AAGuHhEgAcS6dAHKvCqEXjzVksgJD83fOkQ/getUpdates "HTTP/1.1 200 OK"
2025-03-28 20:53:30,751 - INFO - HTTP Request: POST https://api.telegram.org/bot7842539374:AAGuHhEgAcS6dAHKvCqEXjzVksgJD83fOkQ/getUpdates "HTTP/1.1 200 OK"
2025-03-28 20:53:41,080 - INFO - HTTP Request: POST https://api.telegram.org/bot7842539374:AAGuHhEgAcS6dAHKvCqEXjzVksgJD83fOkQ/getUpdates "HTTP/1.1 200 OK"
2025-03-28 20:53:51,355 - INFO - HTTP Request: POST https://api.telegram.org/bot7842539374:AAGuHhEgAcS6dAHKvCqEXjzVksgJD83fOkQ/getUpdates "HTTP/1.1 200 OK"
2025-03-28 20:54:01,731 - INFO - HTTP Request: POST https://api.telegram.org/bot7842539374:AAGuHhEgAcS6dAHKvCqEXjzVksgJD83fOkQ/getUpdates "HTTP/1.1 200 OK"
2025-03-28 20:54:11,938 - INFO - HTTP Request: POST https://api.telegram.org/bot7842539374:AAGuHhEgAcS6dAHKvCqEXjzVksgJD83fOkQ/getUpdates "HTTP/1.1 200 OK"
2025-03-28 20:54:22,260 - INFO - HTTP Request: POST https://api.telegram.org/bot7842539374:AAGuHhEgAcS6dAHKvCqEXjzVksgJD83fOkQ/getUpdates "HTTP/1.1 200 OK"
2025-03-28 20:54:32,606 - INFO - HTTP Request: POST https://api.telegram.org/bot7842539374:AAGuHhEgAcS6dAHKvCqEXjzVksgJD83fOkQ/getUpdates "HTTP/1.1 200 OK"
2025-03-28 20:54:42,864 - INFO - HTTP Request: POST https://api.telegram.org/bot7842539374:AAGuHhEgAcS6dAHKvCqEXjzVksgJD83fOkQ/getUpdates "HTTP/1.1 200 OK"
2025-03-28 20:54:53,128 - INFO - HTTP Request: POST https://api.telegram.org/bot7842539374:AAGuHhEgAcS6dAHKvCqEXjzVksgJD83fOkQ/getUpdates "HTTP/1.1 200 OK"
2025-03-28 20:55:03,480 - INFO - HTTP Request: POST https://api.telegram.org/bot7842539374:AAGuHhEgAcS6dAHKvCqEXjzVksgJD83fOkQ/getUpdates "HTTP/1.1 200 OK"
2025-03-28 20:55:13,769 - INFO - HTTP Request: POST https://api.telegram.org/bot7842539374:AAGuHhEgAcS6dAHKvCqEXjzVksgJD83fOkQ/getUpdates "HTTP/1.1 200 OK"
2025-03-28 20:55:24,002 - INFO - HTTP Request: POST https://api.telegram.org/bot7842539374:AAGuHhEgAcS6dAHKvCqEXjzVksgJD83fOkQ/getUpdates "HTTP/1.1 200 OK"
2025-03-28 20:55:34,256 - INFO - HTTP Request: POST https://api.telegram.org/bot7842539374:AAGuHhEgAcS6dAHKvCqEXjzVksgJD83fOkQ/getUpdates "HTTP/1.1 200 OK"
2025-03-28 20:55:44,545 - INFO - HTTP Request: POST https://api.telegram.org/bot7842539374:AAGuHhEgAcS6dAHKvCqEXjzVksgJD83fOkQ/getUpdates "HTTP/1.1 200 OK"
2025-03-28 20:55:54,746 - INFO - HTTP Request: POST https://api.telegram.org/bot7842539374:AAGuHhEgAcS6dAHKvCqEXjzVksgJD83fOkQ/getUpdates "HTTP/1.1 200 OK"
2025-03-28 20:56:05,069 - INFO - HTTP Request: POST https://api.telegram.org/bot7842539374:AAGuHhEgAcS6dAHKvCqEXjzVksgJD83fOkQ/getUpdates "HTTP/1.1 200 OK"
2025-03-28 20:56:15,307 - INFO - HTTP Request: POST https://api.telegram.org/bot7842539374:AAGuHhEgAcS6dAHKvCqEXjzVksgJD83fOkQ/getUpdates "HTTP/1.1 200 OK"
2025-03-28 20:56:25,587 - INFO - HTTP Request: POST https://api.telegram.org/bot7842539374:AAGuHhEgAcS6dAHKvCqEXjzVksgJD83fOkQ/getUpdates "HTTP/1.1 200 OK"
2025-03-28 20:56:35,914 - INFO - HTTP Request: POST https://api.telegram.org/bot7842539374:AAGuHhEgAcS6dAHKvCqEXjzVksgJD83fOkQ/getUpdates "HTTP/1.1 200 OK"
2025-03-28 20:56:46,148 - INFO - HTTP Request: POST https://api.telegram.org/bot7842539374:AAGuHhEgAcS6dAHKvCqEXjzVksgJD83fOkQ/getUpdates "HTTP/1.1 200 OK"
2025-03-28 20:56:56,590 - INFO - HTTP Request: POST https://api.telegram.org/bot7842539374:AAGuHhEgAcS6dAHKvCqEXjzVksgJD83fOkQ/getUpdates "HTTP/1.1 200 OK"
2025-03-28 20:57:07,147 - INFO - HTTP Request: POST https://api.telegram.org/bot7842539374:AAGuHhEgAcS6dAHKvCqEXjzVksgJD83fOkQ/getUpdates "HTTP/1.1 200 OK"
2025-03-28 20:57:17,421 - INFO - HTTP Request: POST https://api.telegram.org/bot7842539374:AAGuHhEgAcS6dAHKvCqEXjzVksgJD83fOkQ/getUpdates "HTTP/1.1 200 OK"
2025-03-28 20:57:27,635 - INFO - HTTP Request: POST https://api.telegram.org/bot7842539374:AAGuHhEgAcS6dAHKvCqEXjzVksgJD83fOkQ/getUpdates "HTTP/1.1 200 OK"
2025-03-28 20:57:38,073 - INFO - HTTP Request: POST https://api.telegram.org/bot7842539374:AAGuHhEgAcS6dAHKvCqEXjzVksgJD83fOkQ/getUpdates "HTTP/1.1 200 OK"
2025-03-28 20:57:48,316 - INFO - HTTP Request: POST https://api.telegram.org/bot7842539374:AAGuHhEgAcS6dAHKvCqEXjzVksgJD83fOkQ/getUpdates "HTTP/1.1 200 OK"
2025-03-28 20:58:00,284 - INFO - HTTP Request: POST https://api.telegram.org/bot7842539374:AAGuHhEgAcS6dAHKvCqEXjzVksgJD83fOkQ/getUpdates "HTTP/1.1 200 OK"
